#
# There is insufficient memory for the Java Runtime Environment to continue.
# Native memory allocation (mmap) failed to map 67108864 bytes for G1 virtual space
# Possible reasons:
#   The system is out of physical RAM or swap space
#   The process is running with CompressedOops enabled, and the Java Heap may be blocking the growth of the native heap
# Possible solutions:
#   Reduce memory load on the system
#   Increase physical memory or swap space
#   Check if swap backing store is full
#   Decrease Java heap size (-Xmx/-Xms)
#   Decrease number of Java threads
#   Decrease Java thread stack sizes (-Xss)
#   Set larger code cache with -XX:ReservedCodeCacheSize=
#   JVM is running with Unscaled Compressed Oops mode in which the Java heap is
#     placed in the first 4GB address space. The Java Heap base address is the
#     maximum limit for the native heap growth. Please use -XX:HeapBaseMinAddress
#     to set the Java Heap base and to place the Java Heap above 4GB virtual address.
# This output file may be truncated or incomplete.
#
#  Out of Memory Error (os_windows.cpp:3557), pid=11856, tid=3884
#
# JRE version:  (17.0.6+10) (build )
# Java VM: OpenJDK 64-Bit Server VM (17.0.6+10, mixed mode, sharing, tiered, compressed oops, compressed class ptrs, g1 gc, windows-amd64)
# No core dump will be written. Minidumps are not enabled by default on client versions of Windows
#

---------------  S U M M A R Y ------------

Command Line: -Dfile.encoding=UTF-8 --module-path=C:\Users\erika\Desktop\java\conversor\bin -XX:+ShowCodeDetailsInExceptionMessages -Djdk.module.main=conversor conversor/conversor.Main

Host: Intel(R) Celeron(R) CPU  J1800  @ 2.41GHz, 2 cores, 3G,  Windows 10 , 64 bit Build 19041 (10.0.19041.2546)
Time: Tue Feb 28 15:16:59 2023 Hora est. Pacífico, Sudamérica elapsed time: 0.275108 seconds (0d 0h 0m 0s)

---------------  T H R E A D  ---------------

Current thread (0x000001c3eb46d690):  JavaThread "Unknown thread" [_thread_in_vm, id=3884, stack(0x0000009c65600000,0x0000009c65700000)]

Stack: [0x0000009c65600000,0x0000009c65700000]
Native frames: (J=compiled Java code, j=interpreted, Vv=VM code, C=native code)
V  [jvm.dll+0x67741a]
V  [jvm.dll+0x834434]
V  [jvm.dll+0x835bde]
V  [jvm.dll+0x836243]
V  [jvm.dll+0x2457b5]
V  [jvm.dll+0x674329]
V  [jvm.dll+0x6689da]
V  [jvm.dll+0x30489b]
V  [jvm.dll+0x30bd96]
V  [jvm.dll+0x35b57e]
V  [jvm.dll+0x35b7af]
V  [jvm.dll+0x2db778]
V  [jvm.dll+0x2dc6e4]
V  [jvm.dll+0x806131]
V  [jvm.dll+0x369331]
V  [jvm.dll+0x7e56ac]
V  [jvm.dll+0x3eb35f]
V  [jvm.dll+0x3ecea1]
C  [jli.dll+0x5267]
C  [ucrtbase.dll+0x21bb2]
C  [KERNEL32.DLL+0x17614]
C  [ntdll.dll+0x526a1]


---------------  P R O C E S S  ---------------

Threads class SMR info:
_java_thread_list=0x00007ffa12905fd8, length=0, elements={
}

Java Threads: ( => current thread )

Other Threads:
  0x000001c3eb4abe30 GCTaskThread "GC Thread#0" [stack: 0x0000009c65700000,0x0000009c65800000] [id=11860]
  0x000001c3eb4b48c0 ConcurrentGCThread "G1 Main Marker" [stack: 0x0000009c65800000,0x0000009c65900000] [id=11672]
  0x000001c3eb4b51e0 ConcurrentGCThread "G1 Conc#0" [stack: 0x0000009c65900000,0x0000009c65a00000] [id=112]

[error occurred during error reporting (printing all threads), id 0xc0000005, EXCEPTION_ACCESS_VIOLATION (0xc0000005) at pc=0x00007ffa120dc1e7]

VM state: not at safepoint (not fully initialized)

VM Mutex/Monitor currently owned by a thread:  ([mutex/lock_event])
[0x000001c3eb468080] Heap_lock - owner thread: 0x000001c3eb46d690

Heap address: 0x00000000c1e00000, size: 994 MB, Compressed Oops mode: 32-bit

CDS archive(s) mapped at: [0x0000000000000000-0x0000000000000000-0x0000000000000000), size 0, SharedBaseAddress: 0x0000000800000000, ArchiveRelocationMode: 0.
Narrow klass base: 0x0000000000000000, Narrow klass shift: 0, Narrow klass range: 0x0

GC Precious Log:
<Empty>

Heap:
 garbage-first heap   total 0K, used 0K [0x00000000c1e00000, 0x0000000100000000)
  region size 1024K, 0 young (0K), 0 survivors (0K)

[error occurred during error reporting (printing heap information), id 0xc0000005, EXCEPTION_ACCESS_VIOLATION (0xc0000005) at pc=0x00007ffa124c06f9]

GC Heap History (0 events):
No events

Dll operation events (1 events):
Event: 0.062 Loaded shared library C:\Users\erika\.p2\pool\plugins\org.eclipse.justj.openjdk.hotspot.jre.full.win32.x86_64_17.0.6.v20230204-1729\jre\bin\java.dll

Deoptimization events (0 events):
No events

Classes unloaded (0 events):
No events

Classes redefined (0 events):
No events

Internal exceptions (0 events):
No events

VM Operations (0 events):
No events

Events (0 events):
No events


Dynamic libraries:
0x00007ff751d70000 - 0x00007ff751d7e000 	C:\Users\erika\.p2\pool\plugins\org.eclipse.justj.openjdk.hotspot.jre.full.win32.x86_64_17.0.6.v20230204-1729\jre\bin\javaw.exe
0x00007ffa40e50000 - 0x00007ffa41048000 	C:\WINDOWS\SYSTEM32\ntdll.dll
0x00007ffa3fb70000 - 0x00007ffa3fc2f000 	C:\WINDOWS\System32\KERNEL32.DLL
0x00007ffa3eaa0000 - 0x00007ffa3ed72000 	C:\WINDOWS\System32\KERNELBASE.dll
0x00007ffa3e670000 - 0x00007ffa3e770000 	C:\WINDOWS\System32\ucrtbase.dll
0x00007ffa31720000 - 0x00007ffa31737000 	C:\Users\erika\.p2\pool\plugins\org.eclipse.justj.openjdk.hotspot.jre.full.win32.x86_64_17.0.6.v20230204-1729\jre\bin\jli.dll
0x00007ffa406b0000 - 0x00007ffa40851000 	C:\WINDOWS\System32\USER32.dll
0x00007ffa3ea70000 - 0x00007ffa3ea92000 	C:\WINDOWS\System32\win32u.dll
0x00007ffa3ff40000 - 0x00007ffa3ff6b000 	C:\WINDOWS\System32\GDI32.dll
0x00007ffa3e770000 - 0x00007ffa3e87f000 	C:\WINDOWS\System32\gdi32full.dll
0x00007ffa3edf0000 - 0x00007ffa3ee8d000 	C:\WINDOWS\System32\msvcp_win.dll
0x00007ffa33be0000 - 0x00007ffa33bf9000 	C:\Users\erika\.p2\pool\plugins\org.eclipse.justj.openjdk.hotspot.jre.full.win32.x86_64_17.0.6.v20230204-1729\jre\bin\VCRUNTIME140.dll
0x00007ffa305d0000 - 0x00007ffa3086a000 	C:\WINDOWS\WinSxS\amd64_microsoft.windows.common-controls_6595b64144ccf1df_6.0.19041.1110_none_60b5254171f9507e\COMCTL32.dll
0x00007ffa3fdc0000 - 0x00007ffa3fe5e000 	C:\WINDOWS\System32\msvcrt.dll
0x00007ffa409c0000 - 0x00007ffa409f2000 	C:\WINDOWS\System32\IMM32.DLL
0x00007ffa3f8d0000 - 0x00007ffa3f9f5000 	C:\WINDOWS\System32\RPCRT4.dll
0x00007ffa3e430000 - 0x00007ffa3e462000 	C:\WINDOWS\SYSTEM32\SspiCli.dll
0x00007ffa383f0000 - 0x00007ffa383fc000 	C:\Users\erika\.p2\pool\plugins\org.eclipse.justj.openjdk.hotspot.jre.full.win32.x86_64_17.0.6.v20230204-1729\jre\bin\vcruntime140_1.dll
0x00007ffa1fce0000 - 0x00007ffa1fd71000 	C:\Users\erika\.p2\pool\plugins\org.eclipse.justj.openjdk.hotspot.jre.full.win32.x86_64_17.0.6.v20230204-1729\jre\bin\msvcp140.dll
0x00007ffa11df0000 - 0x00007ffa12a37000 	C:\Users\erika\.p2\pool\plugins\org.eclipse.justj.openjdk.hotspot.jre.full.win32.x86_64_17.0.6.v20230204-1729\jre\bin\server\jvm.dll
0x00007ffa40910000 - 0x00007ffa409be000 	C:\WINDOWS\System32\ADVAPI32.dll
0x00007ffa3fad0000 - 0x00007ffa3fb6c000 	C:\WINDOWS\System32\sechost.dll
0x00007ffa38a80000 - 0x00007ffa38a89000 	C:\WINDOWS\SYSTEM32\WSOCK32.dll
0x00007ffa3fec0000 - 0x00007ffa3ff2b000 	C:\WINDOWS\System32\WS2_32.dll
0x00007ffa311e0000 - 0x00007ffa31207000 	C:\WINDOWS\SYSTEM32\WINMM.dll
0x00007ffa30530000 - 0x00007ffa3053a000 	C:\WINDOWS\SYSTEM32\VERSION.dll
0x00007ffa3c420000 - 0x00007ffa3c432000 	C:\WINDOWS\SYSTEM32\kernel.appcore.dll
0x00007ffa33bd0000 - 0x00007ffa33bda000 	C:\Users\erika\.p2\pool\plugins\org.eclipse.justj.openjdk.hotspot.jre.full.win32.x86_64_17.0.6.v20230204-1729\jre\bin\jimage.dll
0x00007ffa2beb0000 - 0x00007ffa2c094000 	C:\WINDOWS\SYSTEM32\DBGHELP.DLL
0x00007ffa2bd60000 - 0x00007ffa2bd95000 	C:\WINDOWS\SYSTEM32\dbgcore.DLL
0x00007ffa3e9e0000 - 0x00007ffa3ea62000 	C:\WINDOWS\System32\bcryptPrimitives.dll
0x00007ffa30480000 - 0x00007ffa304a5000 	C:\Users\erika\.p2\pool\plugins\org.eclipse.justj.openjdk.hotspot.jre.full.win32.x86_64_17.0.6.v20230204-1729\jre\bin\java.dll

dbghelp: loaded successfully - version: 4.0.5 - missing functions: none
symbol engine: initialized successfully - sym options: 0x614 - pdb path: .;C:\Users\erika\.p2\pool\plugins\org.eclipse.justj.openjdk.hotspot.jre.full.win32.x86_64_17.0.6.v20230204-1729\jre\bin;C:\WINDOWS\SYSTEM32;C:\WINDOWS\WinSxS\amd64_microsoft.windows.common-controls_6595b64144ccf1df_6.0.19041.1110_none_60b5254171f9507e;C:\Users\erika\.p2\pool\plugins\org.eclipse.justj.openjdk.hotspot.jre.full.win32.x86_64_17.0.6.v20230204-1729\jre\bin\server

VM Arguments:
jvm_args: -Dfile.encoding=UTF-8 --module-path=C:\Users\erika\Desktop\java\conversor\bin -XX:+ShowCodeDetailsInExceptionMessages -Djdk.module.main=conversor 
java_command: conversor/conversor.Main
java_class_path (initial): <not set>
Launcher Type: SUN_STANDARD

[Global flags]
     intx CICompilerCount                          = 2                                         {product} {ergonomic}
     uint ConcGCThreads                            = 1                                         {product} {ergonomic}
     uint G1ConcRefinementThreads                  = 2                                         {product} {ergonomic}
   size_t G1HeapRegionSize                         = 1048576                                   {product} {ergonomic}
    uintx GCDrainStackTargetSize                   = 64                                        {product} {ergonomic}
   size_t InitialHeapSize                          = 67108864                                  {product} {ergonomic}
   size_t MarkStackSize                            = 4194304                                   {product} {ergonomic}
   size_t MaxHeapSize                              = 1042284544                                {product} {ergonomic}
   size_t MinHeapDeltaBytes                        = 1048576                                   {product} {ergonomic}
   size_t MinHeapSize                              = 8388608                                   {product} {ergonomic}
    uintx NonNMethodCodeHeapSize                   = 5826188                                {pd product} {ergonomic}
    uintx NonProfiledCodeHeapSize                  = 122916026                              {pd product} {ergonomic}
    uintx ProfiledCodeHeapSize                     = 122916026                              {pd product} {ergonomic}
    uintx ReservedCodeCacheSize                    = 251658240                              {pd product} {ergonomic}
     bool SegmentedCodeCache                       = true                                      {product} {ergonomic}
     bool ShowCodeDetailsInExceptionMessages       = true                                   {manageable} {command line}
   size_t SoftMaxHeapSize                          = 1042284544                             {manageable} {ergonomic}
     bool UseCompressedClassPointers               = true                           {product lp64_product} {ergonomic}
     bool UseCompressedOops                        = true                           {product lp64_product} {ergonomic}
     bool UseG1GC                                  = true                                      {product} {ergonomic}
     bool UseLargePagesIndividualAllocation        = false                                  {pd product} {ergonomic}

Logging:
Log output configuration:
 #0: stdout all=warning uptime,level,tags
 #1: stderr all=off uptime,level,tags

Environment Variables:
PATH=C:/Users/erika/.p2/pool/plugins/org.eclipse.justj.openjdk.hotspot.jre.full.win32.x86_64_17.0.6.v20230204-1729/jre/bin/server;C:/Users/erika/.p2/pool/plugins/org.eclipse.justj.openjdk.hotspot.jre.full.win32.x86_64_17.0.6.v20230204-1729/jre/bin;C:\Program Files (x86)\Common Files\Oracle\Java\javapath;C:\WINDOWS\system32;C:\WINDOWS;C:\WINDOWS\System32\Wbem;C:\WINDOWS\System32\WindowsPowerShell\v1.0\;C:\WINDOWS\System32\OpenSSH\;C:\Program Files\Git\cmd;C:\Users\erika\AppData\Local\Microsoft\WindowsApps;;C:\Users\erika\AppData\Local\Programs\Microsoft VS Code\bin;C:\Users\erika\Desktop;
USERNAME=PC-ESTUDIO
OS=Windows_NT
PROCESSOR_IDENTIFIER=Intel64 Family 6 Model 55 Stepping 3, GenuineIntel
TMP=C:\Users\erika\AppData\Local\Temp
TEMP=C:\Users\erika\AppData\Local\Temp



---------------  S Y S T E M  ---------------

OS:
 Windows 10 , 64 bit Build 19041 (10.0.19041.2546)
OS uptime: 0 days 17:42 hours

CPU: total 2 (initial active 2) (2 cores per cpu, 1 threads per core) family 6 model 55 stepping 3 microcode 0x326, cx8, cmov, fxsr, mmx, 3dnowpref, sse, sse2, sse3, ssse3, sse4.1, sse4.2, popcnt, tsc, tscinvbit, erms, clmul, clflush

Memory: 4k page, system-wide physical 3975M (524M free)
TotalPageFile size 8975M (AvailPageFile size 31M)
current process WorkingSet (physical memory assigned to process): 10M, peak: 10M
current process commit charge ("private bytes"): 47M, peak: 111M

vm_info: OpenJDK 64-Bit Server VM (17.0.6+10) for windows-amd64 JRE (17.0.6+10), built on Jan 18 2023 10:08:59 by "temurin" with MS VC++ 16.7 (VS2019)

END.
